file:///home/ec2-user/dist/server/index.js:6
  throw Error('Dynamic require of "' + x + '" is not supported');
        ^

Error: Dynamic require of "fs" is not supported
    at file:///home/ec2-user/dist/server/index.js:6:9
    at node_modules/dotenv/lib/main.js (file:///home/ec2-user/dist/server/index.js:16:14)
    at __require2 (file:///home/ec2-user/dist/server/index.js:9:50)
    at file:///home/ec2-user/dist/server/index.js:385:3
    at file:///home/ec2-user/dist/server/index.js:392:3
    at ModuleJob.run (node:internal/modules/esm/module_job:325:25)
    at async ModuleLoader.import (node:internal/modules/esm/loader:606:24)
    at async asyncRunEntryPointWithESMLoader (node:internal/modules/run_main:117:5)

Node.js v20.20.2
file:///home/ec2-user/dist/server/index.js:6
  throw Error('Dynamic require of "' + x + '" is not supported');
        ^

Error: Dynamic require of "fs" is not supported
    at file:///home/ec2-user/dist/server/index.js:6:9
    at node_modules/dotenv/lib/main.js (file:///home/ec2-user/dist/server/index.js:16:14)
    at __require2 (file:///home/ec2-user/dist/server/index.js:9:50)
    at file:///home/ec2-user/dist/server/index.js:385:3
    at file:///home/ec2-user/dist/server/index.js:392:3
    at ModuleJob.run (node:internal/modules/esm/module_job:325:25)
    at async ModuleLoader.import (node:internal/modules/esm/loader:606:24)
    at async asyncRunEntryPointWithESMLoader (node:internal/modules/run_main:117:5)

Node.js v20.20.2
file:///home/ec2-user/dist/server/index.js:6
  throw Error('Dynamic require of "' + x + '" is not supported');
        ^

Error: Dynamic require of "fs" is not supported
    at file:///home/ec2-user/dist/server/index.js:6:9
    at node_modules/dotenv/lib/main.js (file:///home/ec2-user/dist/server/index.js:16:14)
    at __require2 (file:///home/ec2-user/dist/server/index.js:9:50)
    at file:///home/ec2-user/dist/server/index.js:385:3
    at file:///home/ec2-user/dist/server/index.js:392:3
    at ModuleJob.run (node:internal/modules/esm/module_job:325:25)
    at async ModuleLoader.import (node:internal/modules/esm/loader:606:24)
    at async asyncRunEntryPointWithESMLoader (node:internal/modules/run_main:117:5)

Node.js v20.20.2
file:///home/ec2-user/dist/server/index.js:6
  throw Error('Dynamic require of "' + x + '" is not supported');
        ^

Error: Dynamic require of "fs" is not supported
    at file:///home/ec2-user/dist/server/index.js:6:9
    at node_modules/dotenv/lib/main.js (file:///home/ec2-user/dist/server/index.js:16:14)
    at __require2 (file:///home/ec2-user/dist/server/index.js:9:50)
    at file:///home/ec2-user/dist/server/index.js:385:3
    at file:///home/ec2-user/dist/server/index.js:392:3
    at ModuleJob.run (node:internal/modules/esm/module_job:325:25)
    at async ModuleLoader.import (node:internal/modules/esm/loader:606:24)
    at async asyncRunEntryPointWithESMLoader (node:internal/modules/run_main:117:5)

Node.js v20.20.2
file:///home/ec2-user/dist/server/index.js:6
  throw Error('Dynamic require of "' + x + '" is not supported');
        ^

Error: Dynamic require of "fs" is not supported
    at file:///home/ec2-user/dist/server/index.js:6:9
    at node_modules/dotenv/lib/main.js (file:///home/ec2-user/dist/server/index.js:16:14)
    at __require2 (file:///home/ec2-user/dist/server/index.js:9:50)
    at file:///home/ec2-user/dist/server/index.js:385:3
    at file:///home/ec2-user/dist/server/index.js:392:3
    at ModuleJob.run (node:internal/modules/esm/module_job:325:25)
    at async ModuleLoader.import (node:internal/modules/esm/loader:606:24)
    at async asyncRunEntryPointWithESMLoader (node:internal/modules/run_main:117:5)

Node.js v20.20.2
file:///home/ec2-user/dist/server/index.js:6
  throw Error('Dynamic require of "' + x + '" is not supported');
        ^

Error: Dynamic require of "fs" is not supported
    at file:///home/ec2-user/dist/server/index.js:6:9
    at node_modules/dotenv/lib/main.js (file:///home/ec2-user/dist/server/index.js:16:14)
    at __require2 (file:///home/ec2-user/dist/server/index.js:9:50)
    at file:///home/ec2-user/dist/server/index.js:385:3
    at file:///home/ec2-user/dist/server/index.js:392:3
    at ModuleJob.run (node:internal/modules/esm/module_job:325:25)
    at async ModuleLoader.import (node:internal/modules/esm/loader:606:24)
    at async asyncRunEntryPointWithESMLoader (node:internal/modules/run_main:117:5)

Node.js v20.20.2
file:///home/ec2-user/dist/server/index.js:6
  throw Error('Dynamic require of "' + x + '" is not supported');
        ^

Error: Dynamic require of "fs" is not supported
    at file:///home/ec2-user/dist/server/index.js:6:9
    at node_modules/dotenv/lib/main.js (file:///home/ec2-user/dist/server/index.js:16:14)
    at __require2 (file:///home/ec2-user/dist/server/index.js:9:50)
    at file:///home/ec2-user/dist/server/index.js:385:3
    at file:///home/ec2-user/dist/server/index.js:392:3
    at ModuleJob.run (node:internal/modules/esm/module_job:325:25)
    at async ModuleLoader.import (node:internal/modules/esm/loader:606:24)
    at async asyncRunEntryPointWithESMLoader (node:internal/modules/run_main:117:5)

Node.js v20.20.2
file:///home/ec2-user/dist/server/index.js:6
  throw Error('Dynamic require of "' + x + '" is not supported');
        ^

Error: Dynamic require of "fs" is not supported
    at file:///home/ec2-user/dist/server/index.js:6:9
    at node_modules/dotenv/lib/main.js (file:///home/ec2-user/dist/server/index.js:16:14)
    at __require2 (file:///home/ec2-user/dist/server/index.js:9:50)
    at file:///home/ec2-user/dist/server/index.js:385:3
    at file:///home/ec2-user/dist/server/index.js:392:3
    at ModuleJob.run (node:internal/modules/esm/module_job:325:25)
    at async ModuleLoader.import (node:internal/modules/esm/loader:606:24)
    at async asyncRunEntryPointWithESMLoader (node:internal/modules/run_main:117:5)

Node.js v20.20.2
file:///home/ec2-user/dist/server/index.js:6
  throw Error('Dynamic require of "' + x + '" is not supported');
        ^

Error: Dynamic require of "fs" is not supported
    at file:///home/ec2-user/dist/server/index.js:6:9
    at node_modules/dotenv/lib/main.js (file:///home/ec2-user/dist/server/index.js:16:14)
    at __require2 (file:///home/ec2-user/dist/server/index.js:9:50)
    at file:///home/ec2-user/dist/server/index.js:385:3
    at file:///home/ec2-user/dist/server/index.js:392:3
    at ModuleJob.run (node:internal/modules/esm/module_job:325:25)
    at async ModuleLoader.import (node:internal/modules/esm/loader:606:24)
    at async asyncRunEntryPointWithESMLoader (node:internal/modules/run_main:117:5)

Node.js v20.20.2
file:///home/ec2-user/dist/server/index.js:6
  throw Error('Dynamic require of "' + x + '" is not supported');
        ^

Error: Dynamic require of "fs" is not supported
    at file:///home/ec2-user/dist/server/index.js:6:9
    at node_modules/dotenv/lib/main.js (file:///home/ec2-user/dist/server/index.js:16:14)
    at __require2 (file:///home/ec2-user/dist/server/index.js:9:50)
    at file:///home/ec2-user/dist/server/index.js:385:3
    at file:///home/ec2-user/dist/server/index.js:392:3
    at ModuleJob.run (node:internal/modules/esm/module_job:325:25)
    at async ModuleLoader.import (node:internal/modules/esm/loader:606:24)
    at async asyncRunEntryPointWithESMLoader (node:internal/modules/run_main:117:5)

Node.js v20.20.2
file:///home/ec2-user/dist/server/index.js:6
  throw Error('Dynamic require of "' + x + '" is not supported');
        ^

Error: Dynamic require of "fs" is not supported
    at file:///home/ec2-user/dist/server/index.js:6:9
    at node_modules/dotenv/lib/main.js (file:///home/ec2-user/dist/server/index.js:16:14)
    at __require2 (file:///home/ec2-user/dist/server/index.js:9:50)
    at file:///home/ec2-user/dist/server/index.js:385:3
    at file:///home/ec2-user/dist/server/index.js:392:3
    at ModuleJob.run (node:internal/modules/esm/module_job:325:25)
    at async ModuleLoader.import (node:internal/modules/esm/loader:606:24)
    at async asyncRunEntryPointWithESMLoader (node:internal/modules/run_main:117:5)

Node.js v20.20.2
file:///home/ec2-user/dist/server/index.js:6
  throw Error('Dynamic require of "' + x + '" is not supported');
        ^

Error: Dynamic require of "fs" is not supported
    at file:///home/ec2-user/dist/server/index.js:6:9
    at node_modules/dotenv/lib/main.js (file:///home/ec2-user/dist/server/index.js:16:14)
    at __require2 (file:///home/ec2-user/dist/server/index.js:9:50)
    at file:///home/ec2-user/dist/server/index.js:385:3
    at file:///home/ec2-user/dist/server/index.js:392:3
    at ModuleJob.run (node:internal/modules/esm/module_job:325:25)
    at async ModuleLoader.import (node:internal/modules/esm/loader:606:24)
    at async asyncRunEntryPointWithESMLoader (node:internal/modules/run_main:117:5)

Node.js v20.20.2
file:///home/ec2-user/dist/server/index.js:6
  throw Error('Dynamic require of "' + x + '" is not supported');
        ^

Error: Dynamic require of "fs" is not supported
    at file:///home/ec2-user/dist/server/index.js:6:9
    at node_modules/dotenv/lib/main.js (file:///home/ec2-user/dist/server/index.js:16:14)
    at __require2 (file:///home/ec2-user/dist/server/index.js:9:50)
    at file:///home/ec2-user/dist/server/index.js:385:3
    at file:///home/ec2-user/dist/server/index.js:392:3
    at ModuleJob.run (node:internal/modules/esm/module_job:325:25)
    at async ModuleLoader.import (node:internal/modules/esm/loader:606:24)
    at async asyncRunEntryPointWithESMLoader (node:internal/modules/run_main:117:5)

Node.js v20.20.2
file:///home/ec2-user/dist/server/index.js:6
  throw Error('Dynamic require of "' + x + '" is not supported');
        ^

Error: Dynamic require of "fs" is not supported
    at file:///home/ec2-user/dist/server/index.js:6:9
    at node_modules/dotenv/lib/main.js (file:///home/ec2-user/dist/server/index.js:16:14)
    at __require2 (file:///home/ec2-user/dist/server/index.js:9:50)
    at file:///home/ec2-user/dist/server/index.js:385:3
    at file:///home/ec2-user/dist/server/index.js:392:3
    at ModuleJob.run (node:internal/modules/esm/module_job:325:25)
    at async ModuleLoader.import (node:internal/modules/esm/loader:606:24)
    at async asyncRunEntryPointWithESMLoader (node:internal/modules/run_main:117:5)

Node.js v20.20.2
file:///home/ec2-user/dist/server/index.js:6
  throw Error('Dynamic require of "' + x + '" is not supported');
        ^

Error: Dynamic require of "fs" is not supported
    at file:///home/ec2-user/dist/server/index.js:6:9
    at node_modules/dotenv/lib/main.js (file:///home/ec2-user/dist/server/index.js:16:14)
    at __require2 (file:///home/ec2-user/dist/server/index.js:9:50)
    at file:///home/ec2-user/dist/server/index.js:385:3
    at file:///home/ec2-user/dist/server/index.js:392:3
    at ModuleJob.run (node:internal/modules/esm/module_job:325:25)
    at async ModuleLoader.import (node:internal/modules/esm/loader:606:24)
    at async asyncRunEntryPointWithESMLoader (node:internal/modules/run_main:117:5)

Node.js v20.20.2
file:///home/ec2-user/dist/server/index.js:6
  throw Error('Dynamic require of "' + x + '" is not supported');
        ^

Error: Dynamic require of "fs" is not supported
    at file:///home/ec2-user/dist/server/index.js:6:9
    at node_modules/dotenv/lib/main.js (file:///home/ec2-user/dist/server/index.js:16:14)
    at __require2 (file:///home/ec2-user/dist/server/index.js:9:50)
    at file:///home/ec2-user/dist/server/index.js:385:3
    at file:///home/ec2-user/dist/server/index.js:392:3
    at ModuleJob.run (node:internal/modules/esm/module_job:325:25)
    at async ModuleLoader.import (node:internal/modules/esm/loader:606:24)
    at async asyncRunEntryPointWithESMLoader (node:internal/modules/run_main:117:5)

Node.js v20.20.2
